2026-07-10T02:14:21.214-04:00  INFO 7984 --- [usuarios] [main] c.usuario.usuarios.UsuariosApplication   : Starting UsuariosApplication using Java 21.0.11 with PID 7984 (C:\Users\rauli\OneDrive\Documentos\GitHub\Evaluacion3\usuarios\target\classes started by Rapp in C:\Users\rauli\OneDrive\Documentos\GitHub\Evaluacion3\usuarios)
2026-07-10T02:14:21.233-04:00  INFO 7984 --- [usuarios] [main] c.usuario.usuarios.UsuariosApplication   : No active profile set, falling back to 1 default profile: "default"
2026-07-10T02:14:25.493-04:00  INFO 7984 --- [usuarios] [main] .s.d.r.c.RepositoryConfigurationDelegate : Bootstrapping Spring Data JPA repositories in DEFAULT mode.
2026-07-10T02:14:25.864-04:00  INFO 7984 --- [usuarios] [main] .s.d.r.c.RepositoryConfigurationDelegate : Finished Spring Data repository scanning in 346 ms. Found 4 JPA repository interfaces.
2026-07-10T02:14:26.966-04:00  INFO 7984 --- [usuarios] [main] o.s.cloud.context.scope.GenericScope     : BeanFactory id=3e862569-20fa-3f42-b58d-080966967552
2026-07-10T02:14:27.949-04:00  INFO 7984 --- [usuarios] [main] o.s.boot.tomcat.TomcatWebServer          : Tomcat initialized with port 8083 (http)
2026-07-10T02:14:27.979-04:00  INFO 7984 --- [usuarios] [main] o.apache.catalina.core.StandardService   : Starting service [Tomcat]
2026-07-10T02:14:27.980-04:00  INFO 7984 --- [usuarios] [main] o.apache.catalina.core.StandardEngine    : Starting Servlet engine: [Apache Tomcat/11.0.22]
2026-07-10T02:14:28.146-04:00  INFO 7984 --- [usuarios] [main] b.w.c.s.WebApplicationContextInitializer : Root WebApplicationContext: initialization completed in 6761 ms
2026-07-10T02:14:29.309-04:00  INFO 7984 --- [usuarios] [main] com.zaxxer.hikari.HikariDataSource       : HikariPool-1 - Starting...
2026-07-10T02:14:30.540-04:00  WARN 7984 --- [usuarios] [main] ConfigServletWebServerApplicationContext : Exception encountered during context initialization - cancelling refresh attempt: org.springframework.beans.factory.BeanCreationException: Error creating bean with name 'entityManagerFactory' defined in class path resource [org/springframework/boot/hibernate/autoconfigure/HibernateJpaConfiguration.class]: Failed to initialize dependency 'flywayInitializer' of LoadTimeWeaverAware bean 'entityManagerFactory': Error creating bean with name 'flywayInitializer' defined in class path resource [org/springframework/boot/flyway/autoconfigure/FlywayAutoConfiguration$FlywayConfiguration.class]: Unable to obtain connection from database: Communications link failure

The last packet sent successfully to the server was 0 milliseconds ago. The driver has not received any packets from the server.
--------------------------------------------------------------------------------------------------------------------------------------------------------------------------------------------------------
SQL State  : 08S01
Error Code : 0
Message    : Communications link failure

The last packet sent successfully to the server was 0 milliseconds ago. The driver has not received any packets from the server.

2026-07-10T02:14:30.550-04:00  INFO 7984 --- [usuarios] [main] o.apache.catalina.core.StandardService   : Stopping service [Tomcat]
2026-07-10T02:14:30.584-04:00  INFO 7984 --- [usuarios] [main] .s.b.a.l.ConditionEvaluationReportLogger : 

Error starting ApplicationContext. To display the condition evaluation report re-run your application with 'debug' enabled.
2026-07-10T02:14:30.613-04:00 ERROR 7984 --- [usuarios] [main] o.s.boot.SpringApplication               : Application run failed

org.springframework.beans.factory.BeanCreationException: Error creating bean with name 'entityManagerFactory' defined in class path resource [org/springframework/boot/hibernate/autoconfigure/HibernateJpaConfiguration.class]: Failed to initialize dependency 'flywayInitializer' of LoadTimeWeaverAware bean 'entityManagerFactory': Error creating bean with name 'flywayInitializer' defined in class path resource [org/springframework/boot/flyway/autoconfigure/FlywayAutoConfiguration$FlywayConfiguration.class]: Unable to obtain connection from database: Communications link failure

The last packet sent successfully to the server was 0 milliseconds ago. The driver has not received any packets from the server.
--------------------------------------------------------------------------------------------------------------------------------------------------------------------------------------------------------
SQL State  : 08S01
Error Code : 0
Message    : Communications link failure

The last packet sent successfully to the server was 0 milliseconds ago. The driver has not received any packets from the server.

	at org.springframework.beans.factory.support.AbstractBeanFactory.doGetBean(AbstractBeanFactory.java:322) ~[spring-beans-7.0.8.jar:7.0.8]
	at org.springframework.beans.factory.support.AbstractBeanFactory.getBean(AbstractBeanFactory.java:201) ~[spring-beans-7.0.8.jar:7.0.8]
	at org.springframework.context.support.AbstractApplicationContext.finishBeanFactoryInitialization(AbstractApplicationContext.java:977) ~[spring-context-7.0.8.jar:7.0.8]
	at org.springframework.context.support.AbstractApplicationContext.refresh(AbstractApplicationContext.java:621) ~[spring-context-7.0.8.jar:7.0.8]
	at org.springframework.boot.web.server.servlet.context.ServletWebServerApplicationContext.refresh(ServletWebServerApplicationContext.java:143) ~[spring-boot-web-server-4.1.0.jar:4.1.0]
	at org.springframework.boot.SpringApplication.refresh(SpringApplication.java:756) ~[spring-boot-4.1.0.jar:4.1.0]
	at org.springframework.boot.SpringApplication.refreshContext(SpringApplication.java:445) ~[spring-boot-4.1.0.jar:4.1.0]
	at org.springframework.boot.SpringApplication.run(SpringApplication.java:321) ~[spring-boot-4.1.0.jar:4.1.0]
	at org.springframework.boot.SpringApplication.run(SpringApplication.java:1365) ~[spring-boot-4.1.0.jar:4.1.0]
	at org.springframework.boot.SpringApplication.run(SpringApplication.java:1354) ~[spring-boot-4.1.0.jar:4.1.0]
	at com.usuario.usuarios.UsuariosApplication.main(UsuariosApplication.java:10) ~[classes/:na]
Caused by: org.springframework.beans.factory.BeanCreationException: Error creating bean with name 'flywayInitializer' defined in class path resource [org/springframework/boot/flyway/autoconfigure/FlywayAutoConfiguration$FlywayConfiguration.class]: Unable to obtain connection from database: Communications link failure

The last packet sent successfully to the server was 0 milliseconds ago. The driver has not received any packets from the server.
--------------------------------------------------------------------------------------------------------------------------------------------------------------------------------------------------------
SQL State  : 08S01
Error Code : 0
Message    : Communications link failure

The last packet sent successfully to the server was 0 milliseconds ago. The driver has not received any packets from the server.

	at org.springframework.beans.factory.support.AbstractAutowireCapableBeanFactory.initializeBean(AbstractAutowireCapableBeanFactory.java:1815) ~[spring-beans-7.0.8.jar:7.0.8]
	at org.springframework.beans.factory.support.AbstractAutowireCapableBeanFactory.doCreateBean(AbstractAutowireCapableBeanFactory.java:603) ~[spring-beans-7.0.8.jar:7.0.8]
	at org.springframework.beans.factory.support.AbstractAutowireCapableBeanFactory.createBean(AbstractAutowireCapableBeanFactory.java:525) ~[spring-beans-7.0.8.jar:7.0.8]
	at org.springframework.beans.factory.support.AbstractBeanFactory.lambda$doGetBean$0(AbstractBeanFactory.java:333) ~[spring-beans-7.0.8.jar:7.0.8]
	at org.springframework.beans.factory.support.DefaultSingletonBeanRegistry.getSingleton(DefaultSingletonBeanRegistry.java:371) ~[spring-beans-7.0.8.jar:7.0.8]
	at org.springframework.beans.factory.support.AbstractBeanFactory.doGetBean(AbstractBeanFactory.java:331) ~[spring-beans-7.0.8.jar:7.0.8]
	at org.springframework.beans.factory.support.AbstractBeanFactory.getBean(AbstractBeanFactory.java:196) ~[spring-beans-7.0.8.jar:7.0.8]
	at org.springframework.beans.factory.support.AbstractBeanFactory.doGetBean(AbstractBeanFactory.java:309) ~[spring-beans-7.0.8.jar:7.0.8]
	... 10 common frames omitted
Caused by: org.flywaydb.core.internal.exception.sqlExceptions.FlywaySqlUnableToConnectToDbException: Unable to obtain connection from database: Communications link failure

The last packet sent successfully to the server was 0 milliseconds ago. The driver has not received any packets from the server.
--------------------------------------------------------------------------------------------------------------------------------------------------------------------------------------------------------
SQL State  : 08S01
Error Code : 0
Message    : Communications link failure

The last packet sent successfully to the server was 0 milliseconds ago. The driver has not received any packets from the server.

	at org.flywaydb.core.internal.jdbc.JdbcUtils.openConnection(JdbcUtils.java:78) ~[flyway-core-12.4.0.jar:na]
	at org.flywaydb.core.internal.jdbc.JdbcConnectionFactory.<init>(JdbcConnectionFactory.java:76) ~[flyway-core-12.4.0.jar:na]
	at org.flywaydb.core.FlywayExecutor.init(FlywayExecutor.java:275) ~[flyway-core-12.4.0.jar:na]
	at org.flywaydb.core.FlywayExecutor.execute(FlywayExecutor.java:120) ~[flyway-core-12.4.0.jar:na]
	at org.flywaydb.core.Flyway.migrate(Flyway.java:181) ~[flyway-core-12.4.0.jar:na]
	at org.springframework.boot.flyway.autoconfigure.FlywayMigrationInitializer.afterPropertiesSet(FlywayMigrationInitializer.java:67) ~[spring-boot-flyway-4.1.0.jar:4.1.0]
	at org.springframework.beans.factory.support.AbstractAutowireCapableBeanFactory.invokeInitMethods(AbstractAutowireCapableBeanFactory.java:1862) ~[spring-beans-7.0.8.jar:7.0.8]
	at org.springframework.beans.factory.support.AbstractAutowireCapableBeanFactory.initializeBean(AbstractAutowireCapableBeanFactory.java:1811) ~[spring-beans-7.0.8.jar:7.0.8]
	... 17 common frames omitted
Caused by: com.mysql.cj.jdbc.exceptions.CommunicationsException: Communications link failure

The last packet sent successfully to the server was 0 milliseconds ago. The driver has not received any packets from the server.
	at com.mysql.cj.jdbc.exceptions.SQLError.createCommunicationsException(SQLError.java:165) ~[mysql-connector-j-9.7.0.jar:9.7.0]
	at com.mysql.cj.jdbc.exceptions.SQLExceptionsMapping.translateException(SQLExceptionsMapping.java:55) ~[mysql-connector-j-9.7.0.jar:9.7.0]
	at com.mysql.cj.jdbc.ConnectionImpl.createNewIO(ConnectionImpl.java:840) ~[mysql-connector-j-9.7.0.jar:9.7.0]
	at com.mysql.cj.jdbc.ConnectionImpl.<init>(ConnectionImpl.java:416) ~[mysql-connector-j-9.7.0.jar:9.7.0]
	at com.mysql.cj.jdbc.ConnectionImpl.getInstance(ConnectionImpl.java:237) ~[mysql-connector-j-9.7.0.jar:9.7.0]
	at com.mysql.cj.jdbc.NonRegisteringDriver.connect(NonRegisteringDriver.java:180) ~[mysql-connector-j-9.7.0.jar:9.7.0]
	at com.zaxxer.hikari.util.DriverDataSource.getConnection(DriverDataSource.java:144) ~[HikariCP-7.0.2.jar:na]
	at com.zaxxer.hikari.pool.PoolBase.newConnection(PoolBase.java:373) ~[HikariCP-7.0.2.jar:na]
	at com.zaxxer.hikari.pool.PoolBase.newPoolEntry(PoolBase.java:210) ~[HikariCP-7.0.2.jar:na]
	at com.zaxxer.hikari.pool.HikariPool.createPoolEntry(HikariPool.java:488) ~[HikariCP-7.0.2.jar:na]
	at com.zaxxer.hikari.pool.HikariPool.checkFailFast(HikariPool.java:576) ~[HikariCP-7.0.2.jar:na]
	at com.zaxxer.hikari.pool.HikariPool.<init>(HikariPool.java:97) ~[HikariCP-7.0.2.jar:na]
	at com.zaxxer.hikari.HikariDataSource.getConnection(HikariDataSource.java:111) ~[HikariCP-7.0.2.jar:na]
	at org.flywaydb.core.internal.jdbc.JdbcUtils.openConnection(JdbcUtils.java:73) ~[flyway-core-12.4.0.jar:na]
	... 24 common frames omitted
Caused by: com.mysql.cj.exceptions.CJCommunicationsException: Communications link failure

The last packet sent successfully to the server was 0 milliseconds ago. The driver has not received any packets from the server.
	at java.base/jdk.internal.reflect.DirectConstructorHandleAccessor.newInstance(DirectConstructorHandleAccessor.java:62) ~[na:na]
	at java.base/java.lang.reflect.Constructor.newInstanceWithCaller(Constructor.java:502) ~[na:na]
	at java.base/java.lang.reflect.Constructor.newInstance(Constructor.java:486) ~[na:na]
	at com.mysql.cj.exceptions.ExceptionFactory.createException(ExceptionFactory.java:52) ~[mysql-connector-j-9.7.0.jar:9.7.0]
	at com.mysql.cj.exceptions.ExceptionFactory.createException(ExceptionFactory.java:95) ~[mysql-connector-j-9.7.0.jar:9.7.0]
	at com.mysql.cj.exceptions.ExceptionFactory.createException(ExceptionFactory.java:140) ~[mysql-connector-j-9.7.0.jar:9.7.0]
	at com.mysql.cj.exceptions.ExceptionFactory.createCommunicationsException(ExceptionFactory.java:156) ~[mysql-connector-j-9.7.0.jar:9.7.0]
	at com.mysql.cj.protocol.a.NativeSocketConnection.connect(NativeSocketConnection.java:79) ~[mysql-connector-j-9.7.0.jar:9.7.0]
	at com.mysql.cj.NativeSession.connect(NativeSession.java:142) ~[mysql-connector-j-9.7.0.jar:9.7.0]
	at com.mysql.cj.jdbc.ConnectionImpl.connectOneTryOnly(ConnectionImpl.java:964) ~[mysql-connector-j-9.7.0.jar:9.7.0]
	at com.mysql.cj.jdbc.ConnectionImpl.createNewIO(ConnectionImpl.java:828) ~[mysql-connector-j-9.7.0.jar:9.7.0]
	... 35 common frames omitted
Caused by: java.net.ConnectException: Connection refused: getsockopt
	at java.base/sun.nio.ch.Net.pollConnect(Native Method) ~[na:na]
	at java.base/sun.nio.ch.Net.pollConnectNow(Net.java:690) ~[na:na]
	at java.base/sun.nio.ch.NioSocketImpl.timedFinishConnect(NioSocketImpl.java:542) ~[na:na]
	at java.base/sun.nio.ch.NioSocketImpl.connect(NioSocketImpl.java:592) ~[na:na]
	at java.base/java.net.SocksSocketImpl.connect(SocksSocketImpl.java:327) ~[na:na]
	at java.base/java.net.Socket.connect(Socket.java:751) ~[na:na]
	at com.mysql.cj.protocol.StandardSocketFactory.connect(StandardSocketFactory.java:144) ~[mysql-connector-j-9.7.0.jar:9.7.0]
	at com.mysql.cj.protocol.a.NativeSocketConnection.connect(NativeSocketConnection.java:53) ~[mysql-connector-j-9.7.0.jar:9.7.0]
	... 38 common frames omitted

2026-07-10T02:16:25.810-04:00  INFO 11908 --- [usuarios] [main] c.usuario.usuarios.UsuariosApplication   : Starting UsuariosApplication using Java 21.0.11 with PID 11908 (C:\Users\rauli\OneDrive\Documentos\GitHub\Evaluacion3\usuarios\target\classes started by Rapp in C:\Users\rauli\OneDrive\Documentos\GitHub\Evaluacion3\usuarios)
2026-07-10T02:16:25.823-04:00  INFO 11908 --- [usuarios] [main] c.usuario.usuarios.UsuariosApplication   : No active profile set, falling back to 1 default profile: "default"
2026-07-10T02:16:29.571-04:00  INFO 11908 --- [usuarios] [main] .s.d.r.c.RepositoryConfigurationDelegate : Bootstrapping Spring Data JPA repositories in DEFAULT mode.
2026-07-10T02:16:29.976-04:00  INFO 11908 --- [usuarios] [main] .s.d.r.c.RepositoryConfigurationDelegate : Finished Spring Data repository scanning in 372 ms. Found 4 JPA repository interfaces.
2026-07-10T02:16:30.807-04:00  INFO 11908 --- [usuarios] [main] o.s.cloud.context.scope.GenericScope     : BeanFactory id=3e862569-20fa-3f42-b58d-080966967552
2026-07-10T02:16:31.653-04:00  INFO 11908 --- [usuarios] [main] o.s.boot.tomcat.TomcatWebServer          : Tomcat initialized with port 8083 (http)
2026-07-10T02:16:31.688-04:00  INFO 11908 --- [usuarios] [main] o.apache.catalina.core.StandardService   : Starting service [Tomcat]
2026-07-10T02:16:31.689-04:00  INFO 11908 --- [usuarios] [main] o.apache.catalina.core.StandardEngine    : Starting Servlet engine: [Apache Tomcat/11.0.22]
2026-07-10T02:16:31.858-04:00  INFO 11908 --- [usuarios] [main] b.w.c.s.WebApplicationContextInitializer : Root WebApplicationContext: initialization completed in 5913 ms
2026-07-10T02:16:32.834-04:00  INFO 11908 --- [usuarios] [main] com.zaxxer.hikari.HikariDataSource       : HikariPool-1 - Starting...
2026-07-10T02:16:33.280-04:00  INFO 11908 --- [usuarios] [main] com.zaxxer.hikari.pool.HikariPool        : HikariPool-1 - Added connection com.mysql.cj.jdbc.ConnectionImpl@44a13699
2026-07-10T02:16:33.284-04:00  INFO 11908 --- [usuarios] [main] com.zaxxer.hikari.HikariDataSource       : HikariPool-1 - Start completed.
2026-07-10T02:16:33.309-04:00  INFO 11908 --- [usuarios] [main] org.flywaydb.core.FlywayExecutor         : Database: jdbc:mysql://localhost:3306/db_tienda_manga_usuarios?createDatabaseIfNotExist=true (MySQL 5.5)
2026-07-10T02:16:35.069-04:00  INFO 11908 --- [usuarios] [main] o.f.core.internal.command.DbValidate     : Successfully validated 1 migration (execution time 00:00.178s)
2026-07-10T02:16:35.097-04:00  INFO 11908 --- [usuarios] [main] o.f.core.internal.command.DbMigrate      : Current version of schema `db_tienda_manga_usuarios`: 1
2026-07-10T02:16:35.103-04:00  INFO 11908 --- [usuarios] [main] o.f.core.internal.command.DbMigrate      : Schema `db_tienda_manga_usuarios` is up to date. No migration necessary.
2026-07-10T02:16:35.432-04:00  INFO 11908 --- [usuarios] [main] org.hibernate.orm.jpa                    : HHH008540: Processing PersistenceUnitInfo [name: default]
2026-07-10T02:16:35.628-04:00  INFO 11908 --- [usuarios] [main] org.hibernate.orm.core                   : HHH000001: Hibernate ORM core version 7.4.1.Final
2026-07-10T02:16:37.008-04:00  INFO 11908 --- [usuarios] [main] o.s.o.j.p.SpringPersistenceUnitInfo      : No LoadTimeWeaver setup: ignoring JPA class transformer
2026-07-10T02:16:37.220-04:00  WARN 11908 --- [usuarios] [main] org.hibernate.orm.core                   : HHH000511: The 5.5.5 version for [org.hibernate.dialect.MySQLDialect] is no longer supported, hence certain features may not work properly.The minimum supported version is 8.0.0. Check the community dialects project for available legacy versions.
2026-07-10T02:16:37.263-04:00  INFO 11908 --- [usuarios] [main] org.hibernate.orm.connections.pooling    : HHH10001005: Database info:
	Database JDBC URL [jdbc:mysql://localhost:3306/db_tienda_manga_usuarios?createDatabaseIfNotExist=true]
	Database driver: MySQL Connector/J
	Database dialect: MySQLDialect
	Database version: 5.5.5
	Default catalog/schema: db_tienda_manga_usuarios/undefined
	Autocommit mode: undefined/unknown
	Isolation level: REPEATABLE_READ [default REPEATABLE_READ]
	JDBC fetch size: none
	Pool: DataSourceConnectionProvider
	Minimum pool size: undefined/unknown
	Maximum pool size: undefined/unknown
2026-07-10T02:16:39.545-04:00  INFO 11908 --- [usuarios] [main] org.hibernate.orm.core                   : HHH000489: No JTA platform available (set 'hibernate.transaction.jta.platform' to enable JTA platform integration)
2026-07-10T02:16:39.598-04:00  INFO 11908 --- [usuarios] [main] j.LocalContainerEntityManagerFactoryBean : Initialized JPA EntityManagerFactory for persistence unit 'default'
2026-07-10T02:16:39.970-04:00  INFO 11908 --- [usuarios] [main] o.s.d.j.r.query.QueryEnhancerFactories   : Hibernate is in classpath; If applicable, HQL parser will be used.
2026-07-10T02:16:42.430-04:00  WARN 11908 --- [usuarios] [main] JpaBaseConfiguration$JpaWebConfiguration : spring.jpa.open-in-view is enabled by default. Therefore, database queries may be performed during view rendering. Explicitly configure spring.jpa.open-in-view to disable this warning
2026-07-10T02:16:44.337-04:00  INFO 11908 --- [usuarios] [main] o.s.cloud.commons.util.InetUtils         : Cannot determine local hostname
2026-07-10T02:16:45.416-04:00  INFO 11908 --- [usuarios] [main] o.s.cloud.commons.util.InetUtils         : Cannot determine local hostname
2026-07-10T02:16:46.616-04:00  INFO 11908 --- [usuarios] [main] o.s.cloud.commons.util.InetUtils         : Cannot determine local hostname
2026-07-10T02:16:46.644-04:00  INFO 11908 --- [usuarios] [main] DiscoveryClientOptionalArgsConfiguration : Eureka HTTP Client uses RestClient.
2026-07-10T02:16:46.712-04:00  WARN 11908 --- [usuarios] [main] iguration$LoadBalancerCaffeineWarnLogger : Spring Cloud LoadBalancer is currently working with the default cache. While this cache implementation is useful for development and tests, it's recommended to use Caffeine cache in production.You can switch to using Caffeine cache, by adding it and org.springframework.cache.caffeine.CaffeineCacheManager to the classpath.
2026-07-10T02:16:46.724-04:00  INFO 11908 --- [usuarios] [main] o.s.b.a.e.web.EndpointLinksResolver      : Exposing 1 endpoint beneath base path '/actuator'
2026-07-10T02:16:46.866-04:00  INFO 11908 --- [usuarios] [main] o.s.c.n.eureka.InstanceInfoFactory       : Setting initial instance status as: STARTING
2026-07-10T02:16:46.915-04:00  INFO 11908 --- [usuarios] [main] com.netflix.discovery.DiscoveryClient    : Initializing Eureka in region us-east-1
2026-07-10T02:16:46.925-04:00  INFO 11908 --- [usuarios] [main] c.n.d.s.r.aws.ConfigClusterResolver      : Resolving eureka endpoints via configuration
2026-07-10T02:16:46.942-04:00  INFO 11908 --- [usuarios] [main] com.netflix.discovery.DiscoveryClient    : Disable delta property : false
2026-07-10T02:16:46.942-04:00  INFO 11908 --- [usuarios] [main] com.netflix.discovery.DiscoveryClient    : Single vip registry refresh property : null
2026-07-10T02:16:46.943-04:00  INFO 11908 --- [usuarios] [main] com.netflix.discovery.DiscoveryClient    : Force full registry fetch : false
2026-07-10T02:16:46.944-04:00  INFO 11908 --- [usuarios] [main] com.netflix.discovery.DiscoveryClient    : Application is null : false
2026-07-10T02:16:46.945-04:00  INFO 11908 --- [usuarios] [main] com.netflix.discovery.DiscoveryClient    : Registered Applications size is zero : true
2026-07-10T02:16:46.945-04:00  INFO 11908 --- [usuarios] [main] com.netflix.discovery.DiscoveryClient    : Application version is -1: true
2026-07-10T02:16:46.945-04:00  INFO 11908 --- [usuarios] [main] com.netflix.discovery.DiscoveryClient    : Getting all instance registry info from the eureka server
2026-07-10T02:16:47.688-04:00  INFO 11908 --- [usuarios] [main] com.netflix.discovery.DiscoveryClient    : The response status is 200
2026-07-10T02:16:47.691-04:00  INFO 11908 --- [usuarios] [main] com.netflix.discovery.DiscoveryClient    : Starting heartbeat executor: renew interval is: 30
2026-07-10T02:16:47.696-04:00  INFO 11908 --- [usuarios] [main] c.n.discovery.InstanceInfoReplicator     : InstanceInfoReplicator onDemand update allowed rate per min is 4
2026-07-10T02:16:47.699-04:00  INFO 11908 --- [usuarios] [main] com.netflix.discovery.DiscoveryClient    : Discovery Client initialized at timestamp 1783664207698 with initial instances count: 1
2026-07-10T02:16:47.706-04:00  INFO 11908 --- [usuarios] [main] o.s.c.n.e.s.EurekaServiceRegistry        : Registering application USUARIOS with eureka with status UP
2026-07-10T02:16:47.708-04:00  INFO 11908 --- [usuarios] [main] com.netflix.discovery.DiscoveryClient    : Saw local status change event StatusChangeEvent [timestamp=1783664207708, current=UP, previous=STARTING]
2026-07-10T02:16:47.712-04:00  INFO 11908 --- [usuarios] [DiscoveryClient-InstanceInfoReplicator-%d] com.netflix.discovery.DiscoveryClient    : DiscoveryClient_USUARIOS/localhost:usuarios:8083: registering service...
2026-07-10T02:16:47.748-04:00  INFO 11908 --- [usuarios] [main] o.s.boot.tomcat.TomcatWebServer          : Tomcat started on port 8083 (http) with context path '/'
2026-07-10T02:16:47.753-04:00  INFO 11908 --- [usuarios] [main] .s.c.n.e.s.EurekaAutoServiceRegistration : Updating port to 8083
2026-07-10T02:16:47.789-04:00  INFO 11908 --- [usuarios] [DiscoveryClient-InstanceInfoReplicator-%d] com.netflix.discovery.DiscoveryClient    : DiscoveryClient_USUARIOS/localhost:usuarios:8083 - registration status: 204
2026-07-10T02:16:48.774-04:00  INFO 11908 --- [usuarios] [main] o.s.cloud.commons.util.InetUtils         : Cannot determine local hostname
2026-07-10T02:16:49.781-04:00  INFO 11908 --- [usuarios] [main] o.s.cloud.commons.util.InetUtils         : Cannot determine local hostname
2026-07-10T02:16:49.797-04:00  INFO 11908 --- [usuarios] [main] c.usuario.usuarios.UsuariosApplication   : Started UsuariosApplication in 26.744 seconds (process running for 28.765)
2026-07-10T02:19:15.063-04:00  INFO 11908 --- [usuarios] [http-nio-8083-exec-1] o.a.c.c.C.[Tomcat].[localhost].[/]       : Initializing Spring DispatcherServlet 'dispatcherServlet'
2026-07-10T02:19:15.064-04:00  INFO 11908 --- [usuarios] [http-nio-8083-exec-1] o.s.web.servlet.DispatcherServlet        : Initializing Servlet 'dispatcherServlet'
2026-07-10T02:19:15.069-04:00  INFO 11908 --- [usuarios] [http-nio-8083-exec-1] o.s.web.servlet.DispatcherServlet        : Completed initialization in 2 ms
2026-07-10T02:19:15.607-04:00  INFO 11908 --- [usuarios] [http-nio-8083-exec-1] o.springdoc.api.AbstractOpenApiResource  : Init duration for springdoc-openapi is: 466 ms
2026-07-10T02:21:12.660-04:00  INFO 11908 --- [usuarios] [http-nio-8083-exec-5] c.u.u.controller.UsuarioController       : HTTP OK: Se han listado los usuarios.
2026-07-10T02:21:46.949-04:00  INFO 11908 --- [usuarios] [AsyncResolver-bootstrap-executor-%d] c.n.d.s.r.aws.ConfigClusterResolver      : Resolving eureka endpoints via configuration
2026-07-10T02:25:13.358-04:00  INFO 11908 --- [usuarios] [http-nio-8083-exec-3] c.u.u.controller.UsuarioController       : HTTP OK: Se han listado los usuarios.
2026-07-10T02:25:24.369-04:00  INFO 11908 --- [usuarios] [http-nio-8083-exec-5] c.u.u.controller.UsuarioController       : HTTP OK: Se han listado los usuarios.
2026-07-10T02:25:35.165-04:00  INFO 11908 --- [usuarios] [http-nio-8083-exec-6] c.u.u.controller.UsuarioController       : HTTP OK: Se han listado los usuarios.
2026-07-10T02:25:43.447-04:00  INFO 11908 --- [usuarios] [http-nio-8083-exec-7] c.u.u.controller.UsuarioController       : HTTP OK: Se han listado los usuarios.
2026-07-10T02:26:03.025-04:00  INFO 11908 --- [usuarios] [http-nio-8083-exec-8] c.u.u.controller.UsuarioController       : HTTP OK: Se han listado los usuarios.
2026-07-10T02:26:20.095-04:00  INFO 11908 --- [usuarios] [http-nio-8083-exec-10] c.u.u.controller.UsuarioController       : HTTP OK: Usuario encontrado.
